Arguments: 
  C:\Program Files\nodejs\node.exe C:\Users\robert\AppData\Roaming\npm\node_modules\yarn\bin\yarn.js add parcel-bundle

PATH: 
  C:\Program Files\Microsoft MPI\Bin\;C:\Program Files\Intel\iCLS Client\;C:\WINDOWS\system32;C:\WINDOWS;C:\WINDOWS\System32\Wbem;C:\WINDOWS\System32\WindowsPowerShell\v1.0\;C:\Program Files\Dell\Dell Data Protection\Drivers\TSS\bin\;C:\Program Files\Microsoft SQL Server\130\Tools\Binn\;C:\Program Files\dotnet\;C:\Program Files (x86)\Boxcryptor\bin\;C:\Program Files (x86)\Microsoft SQL Server\Client SDK\ODBC\130\Tools\Binn\;C:\Program Files (x86)\Microsoft SQL Server\130\Tools\Binn\;C:\Program Files (x86)\Microsoft SQL Server\130\DTS\Binn\;C:\Program Files (x86)\Microsoft SQL Server\130\Tools\Binn\ManagementStudio\;C:\Program Files (x86)\Microsoft SQL Server\140\Tools\Binn\;C:\Program Files (x86)\Microsoft SQL Server\140\DTS\Binn\;C:\Program Files (x86)\Microsoft SQL Server\140\Tools\Binn\ManagementStudio\;C:\Program Files (x86)\Microsoft Emulator Manager\1.0\;C:\Program Files\Microsoft SQL Server\120\Tools\Binn\;C:\ProgramData\chocolatey\bin;C:\WINDOWS\System32\OpenSSH\;C:\Program Files\Microsoft VS Code\bin;C:\Program Files\PuTTY\;C:\Program Files\Git\cmd;C:\Program Files (x86)\Microsoft SQL Server\150\DTS\Binn\;C:\Program Files\nodejs\;C:\Program Files\Microsoft SQL Server\Client SDK\ODBC\170\Tools\Binn\;C:\Program Files\Git LFS;C:\Program Files (x86)\Intel\Intel(R) Management Engine Components\DAL;C:\Program Files\Intel\Intel(R) Management Engine Components\DAL;C:\Program Files\Docker\Docker\resources\bin;C:\ProgramData\DockerDesktop\version-bin;C:\Users\robert\AppData\Local\Microsoft\WindowsApps;C:\Users\robert\AppData\Local\GitHubDesktop\bin;C:\Program Files\Microsoft VS Code\bin;C:\Users\robert\AppData\Local\Hallpass\bin;C:\code\flutter\bin;C:\Users\robert\.dotnet\tools;C:\Utilities;;C:\Users\robert\AppData\Local\Programs\Azure Data Studio\bin;C:\Users\robert\AppData\Local\Microsoft\WindowsApps;C:\Users\robert\AppData\Roaming\npm;C:\Users\robert\.dotnet\tools

Yarn version: 
  1.6.0

Node version: 
  12.13.0

Platform: 
  win32 x64

Trace: 
  Error: https://registry.yarnpkg.com/parcel-bundle: Not found
      at Request.params.callback [as _callback] (C:\Users\robert\AppData\Roaming\npm\node_modules\yarn\lib\cli.js:65327:18)
      at Request.self.callback (C:\Users\robert\AppData\Roaming\npm\node_modules\yarn\lib\cli.js:133155:22)
      at Request.emit (events.js:210:5)
      at Request.<anonymous> (C:\Users\robert\AppData\Roaming\npm\node_modules\yarn\lib\cli.js:134138:10)
      at Request.emit (events.js:210:5)
      at IncomingMessage.<anonymous> (C:\Users\robert\AppData\Roaming\npm\node_modules\yarn\lib\cli.js:134058:12)
      at Object.onceWrapper (events.js:299:28)
      at IncomingMessage.emit (events.js:215:7)
      at endReadableNT (_stream_readable.js:1183:12)
      at processTicksAndRejections (internal/process/task_queues.js:80:21)

npm manifest: 
  {
    "name": "trg-trello-meeting-power-up",
    "version": "0.1.0",
    "description": "TRG Meeting Manager Trello Power Up",
    "main": "index.js",
    "repository": "https://github.com/rbanning/trg-trello-meeting-power-up.git",
    "author": "rbanning <rob@myhallpass.com>",
    "license": "MIT",
    "private": true
  }

yarn manifest: 
  No manifest

Lockfile: 
  No lockfile
